<?xml version="1.0" encoding="UTF-8"?>
<testsuite name="SimpleCalculationTest" tests="2" skipped="0" failures="0" errors="0" timestamp="2020-01-15T09:23:43" hostname="DESKTOP-CHOBS2U" time="0.03">
  <properties/>
  <testcase name="add()" classname="SimpleCalculationTest" time="0.025"/>
  <testcase name="multiply()" classname="SimpleCalculationTest" time="0.002"/>
  <system-out><![CDATA[]]></system-out>
  <system-err><![CDATA[]]></system-err>
</testsuite>
